Grammar

    0 $accept: statement $end

    1 statement: NAME '=' expression
    2          | expression

    3 expression: expression '+' NUMBER
    4           | expression '-' NUMBER
    5           | NUMBER


Terminals, with rules where they appear

$end (0) 0
'+' (43) 3
+
'-' (45) 4
'=' (61) 1
error (256)
NAME (258) 1
NUMBER (259) 3 4 5


Nonterminals, with rules where they appear

$accept (8)
    on left: 0
statement (9)
    on left: 1 2, on right: 0
expression (10)
    on left: 3 4 5, on right: 1 2 3 4


state 0

    0 $accept: . statement $end

    NAME    shift, and go to state 1
    NUMBER  shift, and go to state 2

    statement   go to state 3
    expression  go to state 4


state 1

    1 statement: NAME . '=' expression

    '='  shift, and go to state 5


state 2

    5 expression: NUMBER .

    $default  reduce using rule 5 (expression)


state 3

    0 $accept: statement . $end

    $end  shift, and go to state 6


state 4

    2 statement: expression .
    3 expression: expression . '+' NUMBER
    4           | expression . '-' NUMBER

    '+'  shift, and go to state 7
    '-'  shift, and go to state 8

    $default  reduce using rule 2 (statement)


state 5

    1 statement: NAME '=' . expression

    NUMBER  shift, and go to state 2

    expression  go to state 9


state 6

    0 $accept: statement $end .

    $default  accept


state 7

    3 expression: expression '+' . NUMBER

    NUMBER  shift, and go to state 10


state 8

    4 expression: expression '-' . NUMBER

    NUMBER  shift, and go to state 11


state 9

    1 statement: NAME '=' expression .
    3 expression: expression . '+' NUMBER
    4           | expression . '-' NUMBER

    '+'  shift, and go to state 7
    '-'  shift, and go to state 8

    $default  reduce using rule 1 (statement)


state 10

    3 expression: expression '+' NUMBER .

    $default  reduce using rule 3 (expression)


state 11

    4 expression: expression '-' NUMBER .

    $default  reduce using rule 4 (expression)
