Terminals unused in grammar

   NAME


State 14 conflicts: 5 shift/reduce
State 15 conflicts: 5 shift/reduce
State 16 conflicts: 5 shift/reduce
State 17 conflicts: 5 shift/reduce
State 18 conflicts: 5 shift/reduce


Grammar

    0 $accept: statement $end

    1 statement: expression
    2          | statement expression

    3 expression: expression '+' expression
    4           | expression '-' expression
    5           | expression '*' expression
    6           | expression '/' expression
    7           | expression '^' expression
    8           | '(' expression ')'
    9           | NUMBER


Terminals, with rules where they appear

$end (0) 0
'(' (40) 8
')' (41) 8
'*' (42) 5
'+' (43) 3
'-' (45) 4
'/' (47) 6
'^' (94) 7
error (256)
NAME (258)
NUMBER (259) 9


Nonterminals, with rules where they appear

$accept (12)
    on left: 0
statement (13)
    on left: 1 2, on right: 0 2
expression (14)
    on left: 3 4 5 6 7 8 9, on right: 1 2 3 4 5 6 7 8


state 0

    0 $accept: . statement $end

    NUMBER  shift, and go to state 1
    '('     shift, and go to state 2

    statement   go to state 3
    expression  go to state 4


state 1

    9 expression: NUMBER .

    $default  reduce using rule 9 (expression)


state 2

    8 expression: '(' . expression ')'

    NUMBER  shift, and go to state 1
    '('     shift, and go to state 2

    expression  go to state 5


state 3

    0 $accept: statement . $end
    2 statement: statement . expression

    $end    shift, and go to state 6
    NUMBER  shift, and go to state 1
    '('     shift, and go to state 2

    expression  go to state 7


state 4

    1 statement: expression .
    3 expression: expression . '+' expression
    4           | expression . '-' expression
    5           | expression . '*' expression
    6           | expression . '/' expression
    7           | expression . '^' expression

    '+'  shift, and go to state 8
    '-'  shift, and go to state 9
    '*'  shift, and go to state 10
    '/'  shift, and go to state 11
    '^'  shift, and go to state 12

    $default  reduce using rule 1 (statement)


state 5

    3 expression: expression . '+' expression
    4           | expression . '-' expression
    5           | expression . '*' expression
    6           | expression . '/' expression
    7           | expression . '^' expression
    8           | '(' expression . ')'

    '+'  shift, and go to state 8
    '-'  shift, and go to state 9
    '*'  shift, and go to state 10
    '/'  shift, and go to state 11
    '^'  shift, and go to state 12
    ')'  shift, and go to state 13


state 6

    0 $accept: statement $end .

    $default  accept


state 7

    2 statement: statement expression .
    3 expression: expression . '+' expression
    4           | expression . '-' expression
    5           | expression . '*' expression
    6           | expression . '/' expression
    7           | expression . '^' expression

    '+'  shift, and go to state 8
    '-'  shift, and go to state 9
    '*'  shift, and go to state 10
    '/'  shift, and go to state 11
    '^'  shift, and go to state 12

    $default  reduce using rule 2 (statement)


state 8

    3 expression: expression '+' . expression

    NUMBER  shift, and go to state 1
    '('     shift, and go to state 2

    expression  go to state 14


state 9

    4 expression: expression '-' . expression

    NUMBER  shift, and go to state 1
    '('     shift, and go to state 2

    expression  go to state 15


state 10

    5 expression: expression '*' . expression

    NUMBER  shift, and go to state 1
    '('     shift, and go to state 2

    expression  go to state 16


state 11

    6 expression: expression '/' . expression

    NUMBER  shift, and go to state 1
    '('     shift, and go to state 2

    expression  go to state 17


state 12

    7 expression: expression '^' . expression

    NUMBER  shift, and go to state 1
    '('     shift, and go to state 2

    expression  go to state 18


state 13

    8 expression: '(' expression ')' .

    $default  reduce using rule 8 (expression)


state 14

    3 expression: expression . '+' expression
    3           | expression '+' expression .
    4           | expression . '-' expression
    5           | expression . '*' expression
    6           | expression . '/' expression
    7           | expression . '^' expression

    '+'  shift, and go to state 8
    '-'  shift, and go to state 9
    '*'  shift, and go to state 10
    '/'  shift, and go to state 11
    '^'  shift, and go to state 12

    '+'       [reduce using rule 3 (expression)]
    '-'       [reduce using rule 3 (expression)]
    '*'       [reduce using rule 3 (expression)]
    '/'       [reduce using rule 3 (expression)]
    '^'       [reduce using rule 3 (expression)]
    $default  reduce using rule 3 (expression)


state 15

    3 expression: expression . '+' expression
    4           | expression . '-' expression
    4           | expression '-' expression .
    5           | expression . '*' expression
    6           | expression . '/' expression
    7           | expression . '^' expression

    '+'  shift, and go to state 8
    '-'  shift, and go to state 9
    '*'  shift, and go to state 10
    '/'  shift, and go to state 11
    '^'  shift, and go to state 12

    '+'       [reduce using rule 4 (expression)]
    '-'       [reduce using rule 4 (expression)]
    '*'       [reduce using rule 4 (expression)]
    '/'       [reduce using rule 4 (expression)]
    '^'       [reduce using rule 4 (expression)]
    $default  reduce using rule 4 (expression)


state 16

    3 expression: expression . '+' expression
    4           | expression . '-' expression
    5           | expression . '*' expression
    5           | expression '*' expression .
    6           | expression . '/' expression
    7           | expression . '^' expression

    '+'  shift, and go to state 8
    '-'  shift, and go to state 9
    '*'  shift, and go to state 10
    '/'  shift, and go to state 11
    '^'  shift, and go to state 12

    '+'       [reduce using rule 5 (expression)]
    '-'       [reduce using rule 5 (expression)]
    '*'       [reduce using rule 5 (expression)]
    '/'       [reduce using rule 5 (expression)]
    '^'       [reduce using rule 5 (expression)]
    $default  reduce using rule 5 (expression)


state 17

    3 expression: expression . '+' expression
    4           | expression . '-' expression
    5           | expression . '*' expression
    6           | expression . '/' expression
    6           | expression '/' expression .
    7           | expression . '^' expression

    '+'  shift, and go to state 8
    '-'  shift, and go to state 9
    '*'  shift, and go to state 10
    '/'  shift, and go to state 11
    '^'  shift, and go to state 12

    '+'       [reduce using rule 6 (expression)]
    '-'       [reduce using rule 6 (expression)]
    '*'       [reduce using rule 6 (expression)]
    '/'       [reduce using rule 6 (expression)]
    '^'       [reduce using rule 6 (expression)]
    $default  reduce using rule 6 (expression)


state 18

    3 expression: expression . '+' expression
    4           | expression . '-' expression
    5           | expression . '*' expression
    6           | expression . '/' expression
    7           | expression . '^' expression
    7           | expression '^' expression .

    '+'  shift, and go to state 8
    '-'  shift, and go to state 9
    '*'  shift, and go to state 10
    '/'  shift, and go to state 11
    '^'  shift, and go to state 12

    '+'       [reduce using rule 7 (expression)]
    '-'       [reduce using rule 7 (expression)]
    '*'       [reduce using rule 7 (expression)]
    '/'       [reduce using rule 7 (expression)]
    '^'       [reduce using rule 7 (expression)]
    $default  reduce using rule 7 (expression)
